# JRE version: OpenJDK Runtime Environment Temurin-17.0.3+7 (17.0.3+7) (build 17.0.3+7)
# Java VM: OpenJDK 64-Bit Server VM Temurin-17.0.3+7 (17.0.3+7, mixed mode, tiered, compressed oops, compressed class ptrs, parallel gc, windows-amd64)
GC Precious Log:
 CPUs: 2 total, 2 available
 Memory: 4086M
 Large Page Support: Disabled
 NUMA Support: Disabled
 Compressed Oops: Enabled (32-bit)
 Alignments: Space 512K, Generation 512K, Heap 2M
 Heap Min Capacity: 100M
 Heap Initial Capacity: 100M
 Heap Max Capacity: 1G
 Pre-touch: Disabled
 Parallel Workers: 2
Heap:
 PSYoungGen      total 11264K, used 11035K [0x00000000eab00000, 0x00000000ebd00000, 0x0000000100000000)
  eden space 9728K, 100% used [0x00000000eab00000,0x00000000eb480000,0x00000000eb480000)
  from space 1536K, 85% used [0x00000000ebb80000,0x00000000ebcc6d60,0x00000000ebd00000)
  to   space 3072K, 36% used [0x00000000eb700000,0x00000000eb814b98,0x00000000eba00000)
 ParOldGen       total 122880K, used 107225K [0x00000000c0000000, 0x00000000c7800000, 0x00000000eab00000)
  object space 122880K, 87% used [0x00000000c0000000,0x00000000c68b6638,0x00000000c7800000)
 Metaspace       used 75742K, committed 76736K, reserved 1122304K
  class space    used 7803K, committed 8192K, reserved 1048576K
GC Heap History (20 events):
Event: 1329.770 GC heap after
{Heap after GC invocations=96 (full 7):
 PSYoungGen      total 11776K, used 909K [0x00000000eab00000, 0x00000000eb980000, 0x0000000100000000)
  eden space 9728K, 0% used [0x00000000eab00000,0x00000000eab00000,0x00000000eb480000)
  from space 2048K, 44% used [0x00000000eb580000,0x00000000eb6634a0,0x00000000eb780000)
  to   space 1536K, 0% used [0x00000000eb800000,0x00000000eb800000,0x00000000eb980000)
 ParOldGen       total 122880K, used 96474K [0x00000000c0000000, 0x00000000c7800000, 0x00000000eab00000)
  object space 122880K, 78% used [0x00000000c0000000,0x00000000c5e36aa0,0x00000000c7800000)
 Metaspace       used 74739K, committed 75712K, reserved 1122304K
  class space    used 7750K, committed 8192K, reserved 1048576K
}
Event: 1332.451 GC heap before
{Heap before GC invocations=97 (full 7):
 PSYoungGen      total 11776K, used 10608K [0x00000000eab00000, 0x00000000eb980000, 0x0000000100000000)
  eden space 9728K, 99% used [0x00000000eab00000,0x00000000eb478d28,0x00000000eb480000)
  from space 2048K, 44% used [0x00000000eb580000,0x00000000eb6634a0,0x00000000eb780000)
  to   space 1536K, 0% used [0x00000000eb800000,0x00000000eb800000,0x00000000eb980000)
 ParOldGen       total 122880K, used 96474K [0x00000000c0000000, 0x00000000c7800000, 0x00000000eab00000)
  object space 122880K, 78% used [0x00000000c0000000,0x00000000c5e36aa0,0x00000000c7800000)
 Metaspace       used 74872K, committed 75840K, reserved 1122304K
  class space    used 7755K, committed 8192K, reserved 1048576K
}
Event: 1332.458 GC heap after
{Heap after GC invocations=97 (full 7):
 PSYoungGen      total 10240K, used 400K [0x00000000eab00000, 0x00000000eb880000, 0x0000000100000000)
  eden space 9728K, 0% used [0x00000000eab00000,0x00000000eab00000,0x00000000eb480000)
  from space 512K, 78% used [0x00000000eb800000,0x00000000eb864010,0x00000000eb880000)
  to   space 1024K, 0% used [0x00000000eb680000,0x00000000eb680000,0x00000000eb780000)
 ParOldGen       total 122880K, used 97217K [0x00000000c0000000, 0x00000000c7800000, 0x00000000eab00000)
  object space 122880K, 79% used [0x00000000c0000000,0x00000000c5ef06b8,0x00000000c7800000)
 Metaspace       used 74872K, committed 75840K, reserved 1122304K
  class space    used 7755K, committed 8192K, reserved 1048576K
}
Event: 1334.344 GC heap before
{Heap before GC invocations=98 (full 7):
 PSYoungGen      total 10240K, used 10093K [0x00000000eab00000, 0x00000000eb880000, 0x0000000100000000)
  eden space 9728K, 99% used [0x00000000eab00000,0x00000000eb4775b0,0x00000000eb480000)
  from space 512K, 78% used [0x00000000eb800000,0x00000000eb864010,0x00000000eb880000)
  to   space 1024K, 0% used [0x00000000eb680000,0x00000000eb680000,0x00000000eb780000)
 ParOldGen       total 122880K, used 97217K [0x00000000c0000000, 0x00000000c7800000, 0x00000000eab00000)
  object space 122880K, 79% used [0x00000000c0000000,0x00000000c5ef06b8,0x00000000c7800000)
 Metaspace       used 74901K, committed 75840K, reserved 1122304K
  class space    used 7755K, committed 8192K, reserved 1048576K
}
Event: 1334.350 GC heap after
{Heap after GC invocations=98 (full 7):
 PSYoungGen      total 10752K, used 1012K [0x00000000eab00000, 0x00000000ebb80000, 0x0000000100000000)
  eden space 9728K, 0% used [0x00000000eab00000,0x00000000eab00000,0x00000000eb480000)
  from space 1024K, 98% used [0x00000000eb680000,0x00000000eb77d2f0,0x00000000eb780000)
  to   space 3584K, 0% used [0x00000000eb800000,0x00000000eb800000,0x00000000ebb80000)
 ParOldGen       total 122880K, used 99167K [0x00000000c0000000, 0x00000000c7800000, 0x00000000eab00000)
  object space 122880K, 80% used [0x00000000c0000000,0x00000000c60d7e58,0x00000000c7800000)
 Metaspace       used 74901K, committed 75840K, reserved 1122304K
  class space    used 7755K, committed 8192K, reserved 1048576K
}
Event: 1336.309 GC heap before
{Heap before GC invocations=99 (full 7):
 PSYoungGen      total 10752K, used 10740K [0x00000000eab00000, 0x00000000ebb80000, 0x0000000100000000)
  eden space 9728K, 100% used [0x00000000eab00000,0x00000000eb480000,0x00000000eb480000)
  from space 1024K, 98% used [0x00000000eb680000,0x00000000eb77d2f0,0x00000000eb780000)
  to   space 3584K, 0% used [0x00000000eb800000,0x00000000eb800000,0x00000000ebb80000)
 ParOldGen       total 122880K, used 99167K [0x00000000c0000000, 0x00000000c7800000, 0x00000000eab00000)
  object space 122880K, 80% used [0x00000000c0000000,0x00000000c60d7e58,0x00000000c7800000)
 Metaspace       used 74986K, committed 75904K, reserved 1122304K
  class space    used 7756K, committed 8192K, reserved 1048576K
}
Event: 1336.328 GC heap after
{Heap after GC invocations=99 (full 7):
 PSYoungGen      total 12800K, used 2681K [0x00000000eab00000, 0x00000000ebb00000, 0x0000000100000000)
  eden space 9728K, 0% used [0x00000000eab00000,0x00000000eab00000,0x00000000eb480000)
  from space 3072K, 87% used [0x00000000eb800000,0x00000000eba9e578,0x00000000ebb00000)
  to   space 3072K, 0% used [0x00000000eb500000,0x00000000eb500000,0x00000000eb800000)
 ParOldGen       total 122880K, used 100170K [0x00000000c0000000, 0x00000000c7800000, 0x00000000eab00000)
  object space 122880K, 81% used [0x00000000c0000000,0x00000000c61d2b00,0x00000000c7800000)
 Metaspace       used 74986K, committed 75904K, reserved 1122304K
  class space    used 7756K, committed 8192K, reserved 1048576K
}
Event: 1341.010 GC heap before
{Heap before GC invocations=100 (full 7):
 PSYoungGen      total 12800K, used 12404K [0x00000000eab00000, 0x00000000ebb00000, 0x0000000100000000)
  eden space 9728K, 99% used [0x00000000eab00000,0x00000000eb47ead0,0x00000000eb480000)
  from space 3072K, 87% used [0x00000000eb800000,0x00000000eba9e578,0x00000000ebb00000)
  to   space 3072K, 0% used [0x00000000eb500000,0x00000000eb500000,0x00000000eb800000)
 ParOldGen       total 122880K, used 100170K [0x00000000c0000000, 0x00000000c7800000, 0x00000000eab00000)
  object space 122880K, 81% used [0x00000000c0000000,0x00000000c61d2b00,0x00000000c7800000)
 Metaspace       used 75096K, committed 76032K, reserved 1122304K
  class space    used 7756K, committed 8192K, reserved 1048576K
}
Event: 1341.024 GC heap after
{Heap after GC invocations=100 (full 7):
 PSYoungGen      total 12800K, used 3070K [0x00000000eab00000, 0x00000000ec080000, 0x0000000100000000)
  eden space 9728K, 0% used [0x00000000eab00000,0x00000000eab00000,0x00000000eb480000)
  from space 3072K, 99% used [0x00000000eb500000,0x00000000eb7ff808,0x00000000eb800000)
  to   space 6144K, 0% used [0x00000000eba80000,0x00000000eba80000,0x00000000ec080000)
 ParOldGen       total 122880K, used 102426K [0x00000000c0000000, 0x00000000c7800000, 0x00000000eab00000)
  object space 122880K, 83% used [0x00000000c0000000,0x00000000c6406a70,0x00000000c7800000)
 Metaspace       used 75096K, committed 76032K, reserved 1122304K
  class space    used 7756K, committed 8192K, reserved 1048576K
}
Event: 1366.434 GC heap before
{Heap before GC invocations=101 (full 7):
 PSYoungGen      total 12800K, used 12798K [0x00000000eab00000, 0x00000000ec080000, 0x0000000100000000)
  eden space 9728K, 100% used [0x00000000eab00000,0x00000000eb480000,0x00000000eb480000)
  from space 3072K, 99% used [0x00000000eb500000,0x00000000eb7ff808,0x00000000eb800000)
  to   space 6144K, 0% used [0x00000000eba80000,0x00000000eba80000,0x00000000ec080000)
 ParOldGen       total 122880K, used 102426K [0x00000000c0000000, 0x00000000c7800000, 0x00000000eab00000)
  object space 122880K, 83% used [0x00000000c0000000,0x00000000c6406a70,0x00000000c7800000)
 Metaspace       used 75166K, committed 76160K, reserved 1122304K
  class space    used 7762K, committed 8192K, reserved 1048576K
}
Event: 1366.444 GC heap after
{Heap after GC invocations=101 (full 7):
 PSYoungGen      total 11264K, used 1033K [0x00000000eab00000, 0x00000000ebc00000, 0x0000000100000000)
  eden space 9728K, 0% used [0x00000000eab00000,0x00000000eab00000,0x00000000eb480000)
  from space 1536K, 67% used [0x00000000eba80000,0x00000000ebb82400,0x00000000ebc00000)
  to   space 3072K, 0% used [0x00000000eb600000,0x00000000eb600000,0x00000000eb900000)
 ParOldGen       total 122880K, used 102770K [0x00000000c0000000, 0x00000000c7800000, 0x00000000eab00000)
  object space 122880K, 83% used [0x00000000c0000000,0x00000000c645ca70,0x00000000c7800000)
 Metaspace       used 75166K, committed 76160K, reserved 1122304K
  class space    used 7762K, committed 8192K, reserved 1048576K
}
Event: 1368.100 GC heap before
{Heap before GC invocations=102 (full 7):
 PSYoungGen      total 11264K, used 10761K [0x00000000eab00000, 0x00000000ebc00000, 0x0000000100000000)
  eden space 9728K, 100% used [0x00000000eab00000,0x00000000eb480000,0x00000000eb480000)
  from space 1536K, 67% used [0x00000000eba80000,0x00000000ebb82400,0x00000000ebc00000)
  to   space 3072K, 0% used [0x00000000eb600000,0x00000000eb600000,0x00000000eb900000)
 ParOldGen       total 122880K, used 102770K [0x00000000c0000000, 0x00000000c7800000, 0x00000000eab00000)
  object space 122880K, 83% used [0x00000000c0000000,0x00000000c645ca70,0x00000000c7800000)
 Metaspace       used 75389K, committed 76352K, reserved 1122304K
  class space    used 7784K, committed 8192K, reserved 1048576K
}
Event: 1368.111 GC heap after
{Heap after GC invocations=102 (full 7):
 PSYoungGen      total 12800K, used 1085K [0x00000000eab00000, 0x00000000ebb00000, 0x0000000100000000)
  eden space 9728K, 0% used [0x00000000eab00000,0x00000000eab00000,0x00000000eb480000)
  from space 3072K, 35% used [0x00000000eb600000,0x00000000eb70f600,0x00000000eb900000)
  to   space 1536K, 0% used [0x00000000eb980000,0x00000000eb980000,0x00000000ebb00000)
 ParOldGen       total 122880K, used 102770K [0x00000000c0000000, 0x00000000c7800000, 0x00000000eab00000)
  object space 122880K, 83% used [0x00000000c0000000,0x00000000c645ca70,0x00000000c7800000)
 Metaspace       used 75389K, committed 76352K, reserved 1122304K
  class space    used 7784K, committed 8192K, reserved 1048576K
}
Event: 1371.406 GC heap before
{Heap before GC invocations=103 (full 7):
 PSYoungGen      total 12800K, used 10741K [0x00000000eab00000, 0x00000000ebb00000, 0x0000000100000000)
  eden space 9728K, 99% used [0x00000000eab00000,0x00000000eb46e1a0,0x00000000eb480000)
  from space 3072K, 35% used [0x00000000eb600000,0x00000000eb70f600,0x00000000eb900000)
  to   space 1536K, 0% used [0x00000000eb980000,0x00000000eb980000,0x00000000ebb00000)
 ParOldGen       total 122880K, used 102770K [0x00000000c0000000, 0x00000000c7800000, 0x00000000eab00000)
  object space 122880K, 83% used [0x00000000c0000000,0x00000000c645ca70,0x00000000c7800000)
 Metaspace       used 75625K, committed 76608K, reserved 1122304K
  class space    used 7801K, committed 8192K, reserved 1048576K
}
Event: 1371.412 GC heap after
{Heap after GC invocations=103 (full 7):
 PSYoungGen      total 11264K, used 1387K [0x00000000eab00000, 0x00000000ebb00000, 0x0000000100000000)
  eden space 9728K, 0% used [0x00000000eab00000,0x00000000eab00000,0x00000000eb480000)
  from space 1536K, 90% used [0x00000000eb980000,0x00000000ebadad38,0x00000000ebb00000)
  to   space 1536K, 0% used [0x00000000eb800000,0x00000000eb800000,0x00000000eb980000)
 ParOldGen       total 122880K, used 102770K [0x00000000c0000000, 0x00000000c7800000, 0x00000000eab00000)
  object space 122880K, 83% used [0x00000000c0000000,0x00000000c645ca70,0x00000000c7800000)
 Metaspace       used 75625K, committed 76608K, reserved 1122304K
  class space    used 7801K, committed 8192K, reserved 1048576K
}
Event: 1381.666 GC heap before
{Heap before GC invocations=104 (full 7):
 PSYoungGen      total 11264K, used 11108K [0x00000000eab00000, 0x00000000ebb00000, 0x0000000100000000)
  eden space 9728K, 99% used [0x00000000eab00000,0x00000000eb47e608,0x00000000eb480000)
  from space 1536K, 90% used [0x00000000eb980000,0x00000000ebadad38,0x00000000ebb00000)
  to   space 1536K, 0% used [0x00000000eb800000,0x00000000eb800000,0x00000000eb980000)
 ParOldGen       total 122880K, used 102770K [0x00000000c0000000, 0x00000000c7800000, 0x00000000eab00000)
  object space 122880K, 83% used [0x00000000c0000000,0x00000000c645ca70,0x00000000c7800000)
 Metaspace       used 75644K, committed 76608K, reserved 1122304K
  class space    used 7803K, committed 8192K, reserved 1048576K
}
Event: 1381.679 GC heap after
{Heap after GC invocations=104 (full 7):
 PSYoungGen      total 11264K, used 1531K [0x00000000eab00000, 0x00000000ec280000, 0x0000000100000000)
  eden space 9728K, 0% used [0x00000000eab00000,0x00000000eab00000,0x00000000eb480000)
  from space 1536K, 99% used [0x00000000eb800000,0x00000000eb97ef20,0x00000000eb980000)
  to   space 7168K, 0% used [0x00000000ebb80000,0x00000000ebb80000,0x00000000ec280000)
 ParOldGen       total 122880K, used 107198K [0x00000000c0000000, 0x00000000c7800000, 0x00000000eab00000)
  object space 122880K, 87% used [0x00000000c0000000,0x00000000c68afaa8,0x00000000c7800000)
 Metaspace       used 75644K, committed 76608K, reserved 1122304K
  class space    used 7803K, committed 8192K, reserved 1048576K
}
Event: 1396.394 GC heap before
{Heap before GC invocations=105 (full 7):
 PSYoungGen      total 11264K, used 11258K [0x00000000eab00000, 0x00000000ec280000, 0x0000000100000000)
  eden space 9728K, 99% used [0x00000000eab00000,0x00000000eb47fc48,0x00000000eb480000)
  from space 1536K, 99% used [0x00000000eb800000,0x00000000eb97ef20,0x00000000eb980000)
  to   space 7168K, 0% used [0x00000000ebb80000,0x00000000ebb80000,0x00000000ec280000)
 ParOldGen       total 122880K, used 107198K [0x00000000c0000000, 0x00000000c7800000, 0x00000000eab00000)
  object space 122880K, 87% used [0x00000000c0000000,0x00000000c68afaa8,0x00000000c7800000)
 Metaspace       used 75713K, committed 76672K, reserved 1122304K
  class space    used 7803K, committed 8192K, reserved 1048576K
}
Event: 1396.403 GC heap after
{Heap after GC invocations=105 (full 7):
 PSYoungGen      total 11264K, used 1307K [0x00000000eab00000, 0x00000000ebd00000, 0x0000000100000000)
  eden space 9728K, 0% used [0x00000000eab00000,0x00000000eab00000,0x00000000eb480000)
  from space 1536K, 85% used [0x00000000ebb80000,0x00000000ebcc6d60,0x00000000ebd00000)
  to   space 3072K, 0% used [0x00000000eb700000,0x00000000eb700000,0x00000000eba00000)
 ParOldGen       total 122880K, used 107225K [0x00000000c0000000, 0x00000000c7800000, 0x00000000eab00000)
  object space 122880K, 87% used [0x00000000c0000000,0x00000000c68b6638,0x00000000c7800000)
 Metaspace       used 75713K, committed 76672K, reserved 1122304K
  class space    used 7803K, committed 8192K, reserved 1048576K
}
Event: 1404.566 GC heap before
{Heap before GC invocations=106 (full 7):
 PSYoungGen      total 11264K, used 11035K [0x00000000eab00000, 0x00000000ebd00000, 0x0000000100000000)
  eden space 9728K, 100% used [0x00000000eab00000,0x00000000eb480000,0x00000000eb480000)
  from space 1536K, 85% used [0x00000000ebb80000,0x00000000ebcc6d60,0x00000000ebd00000)
  to   space 3072K, 0% used [0x00000000eb700000,0x00000000eb700000,0x00000000eba00000)
 ParOldGen       total 122880K, used 107225K [0x00000000c0000000, 0x00000000c7800000, 0x00000000eab00000)
  object space 122880K, 87% used [0x00000000c0000000,0x00000000c68b6638,0x00000000c7800000)
 Metaspace       used 75742K, committed 76736K, reserved 1122304K
  class space    used 7803K, committed 8192K, reserved 1048576K
}

